

Microchip MPLAB XC8 Assembler V2.20 build 20200408173844 
                                                                                               Mon Jun 08 14:01:47 2020

Microchip MPLAB XC8 C Compiler v2.20 (Free license) build 20200408173844 Og1 
     1                           	processor	16F15244
     2                           	pagewidth 120
     3                           	opt	flic
     4                           	psect	cinit,global,class=CODE,merge=1,delta=2
     5                           	psect	cstackCOMMON,global,class=COMMON,space=1,delta=1,noexec
     6                           	psect	maintext,global,class=CODE,merge=1,split=1,delta=2
     7                           	psect	text1,local,class=CODE,merge=1,delta=2
     8                           	psect	text2,local,class=CODE,merge=1,delta=2
     9                           	psect	text3,local,class=CODE,merge=1,delta=2
    10                           	psect	text4,local,class=CODE,merge=1,delta=2
    11                           	psect	config,global,abs,ovrld,class=CONFIG,space=4,delta=2,noexec
    12                           	dabs	1,0x7E,2
    13  0000                     
    14                           ; Version 2.20
    15                           ; Generated 30/04/2020 GMT
    16                           ; 
    17                           ; Copyright © 2020, Microchip Technology Inc. and its subsidiaries ("Microchip")
    18                           ; All rights reserved.
    19                           ; 
    20                           ; This software is developed by Microchip Technology Inc. and its subsidiaries ("Microch
      +                          ip").
    21                           ; 
    22                           ; Redistribution and use in source and binary forms, with or without modification, are
    23                           ; permitted provided that the following conditions are met:
    24                           ; 
    25                           ;     1. Redistributions of source code must retain the above copyright notice, this lis
      +                          t of
    26                           ;        conditions and the following disclaimer.
    27                           ; 
    28                           ;     2. Redistributions in binary form must reproduce the above copyright notice, this 
      +                          list
    29                           ;        of conditions and the following disclaimer in the documentation and/or other
    30                           ;        materials provided with the distribution.
    31                           ; 
    32                           ;     3. Microchip's name may not be used to endorse or promote products derived from th
      +                          is
    33                           ;        software without specific prior written permission.
    34                           ; 
    35                           ; THIS SOFTWARE IS PROVIDED BY MICROCHIP "AS IS" AND ANY EXPRESS OR IMPLIED WARRANTIES,
    36                           ; INCLUDING, BUT NOT LIMITED TO, THE IMPLIED WARRANTIES OF MERCHANTABILITY AND FITNESS F
      +                          OR
    37                           ; PURPOSE ARE DISCLAIMED.  IN NO EVENT SHALL MICROCHIP BE LIABLE FOR ANY DIRECT, INDIREC
      +                          T,
    38                           ; INCIDENTAL, SPECIAL, EXEMPLARY, OR CONSEQUENTIAL DAMAGES (INCLUDING BUT NOT LIMITED TO
    39                           ; PROCUREMENT OF SUBSTITUTE GOODS OR SERVICES; LOSS OF USE, DATA OR PROFITS; OR BUSINESS
    40                           ; INTERRUPTION) HOWSOEVER CAUSED AND ON ANY THEORY OF LIABILITY, WHETHER IN CONTRACT, ST
      +                          RICT
    41                           ; LIABILITY, OR TORT (INCLUDING NEGLIGENCE OR OTHERWISE) ARISING IN ANY WAY OUT OF THE U
      +                          SE OF
    42                           ; THIS SOFTWARE, EVEN IF ADVISED OF THE POSSIBILITY OF SUCH DAMAGE.
    43                           ; 
    44                           ; 
    45                           ; Code-generator required, PIC16F15244 Definitions
    46                           ; 
    47                           ; SFR Addresses
    48  0000                     	;# 
    49  0001                     	;# 
    50  0002                     	;# 
    51  0003                     	;# 
    52  0004                     	;# 
    53  0005                     	;# 
    54  0006                     	;# 
    55  0007                     	;# 
    56  0008                     	;# 
    57  0009                     	;# 
    58  000A                     	;# 
    59  000B                     	;# 
    60  000C                     	;# 
    61  000D                     	;# 
    62  000E                     	;# 
    63  0012                     	;# 
    64  0013                     	;# 
    65  0014                     	;# 
    66  0018                     	;# 
    67  0019                     	;# 
    68  001A                     	;# 
    69  009A                     	;# 
    70  009B                     	;# 
    71  009B                     	;# 
    72  009C                     	;# 
    73  009D                     	;# 
    74  009E                     	;# 
    75  009F                     	;# 
    76  010C                     	;# 
    77  010D                     	;# 
    78  0119                     	;# 
    79  011A                     	;# 
    80  011B                     	;# 
    81  011B                     	;# 
    82  011C                     	;# 
    83  011D                     	;# 
    84  011E                     	;# 
    85  011F                     	;# 
    86  018C                     	;# 
    87  018D                     	;# 
    88  018E                     	;# 
    89  018F                     	;# 
    90  0190                     	;# 
    91  0191                     	;# 
    92  0192                     	;# 
    93  020C                     	;# 
    94  020D                     	;# 
    95  020E                     	;# 
    96  020E                     	;# 
    97  020F                     	;# 
    98  020F                     	;# 
    99  0210                     	;# 
   100  0210                     	;# 
   101  0211                     	;# 
   102  0211                     	;# 
   103  028C                     	;# 
   104  028C                     	;# 
   105  028D                     	;# 
   106  028D                     	;# 
   107  028E                     	;# 
   108  028F                     	;# 
   109  0290                     	;# 
   110  0291                     	;# 
   111  030C                     	;# 
   112  030C                     	;# 
   113  030D                     	;# 
   114  030E                     	;# 
   115  030F                     	;# 
   116  0310                     	;# 
   117  0310                     	;# 
   118  0311                     	;# 
   119  0312                     	;# 
   120  0313                     	;# 
   121  0314                     	;# 
   122  0314                     	;# 
   123  0315                     	;# 
   124  0316                     	;# 
   125  0318                     	;# 
   126  0318                     	;# 
   127  0319                     	;# 
   128  031A                     	;# 
   129  059C                     	;# 
   130  059C                     	;# 
   131  059D                     	;# 
   132  059D                     	;# 
   133  059E                     	;# 
   134  059F                     	;# 
   135  070C                     	;# 
   136  070D                     	;# 
   137  070E                     	;# 
   138  0716                     	;# 
   139  0717                     	;# 
   140  0718                     	;# 
   141  080C                     	;# 
   142  0811                     	;# 
   143  0813                     	;# 
   144  0814                     	;# 
   145  081A                     	;# 
   146  081A                     	;# 
   147  081B                     	;# 
   148  081C                     	;# 
   149  081C                     	;# 
   150  081D                     	;# 
   151  081E                     	;# 
   152  081F                     	;# 
   153  088E                     	;# 
   154  0890                     	;# 
   155  0891                     	;# 
   156  0892                     	;# 
   157  0893                     	;# 
   158  090C                     	;# 
   159  1E8F                     	;# 
   160  1E90                     	;# 
   161  1E91                     	;# 
   162  1E92                     	;# 
   163  1E93                     	;# 
   164  1E9C                     	;# 
   165  1EA1                     	;# 
   166  1EA2                     	;# 
   167  1EC3                     	;# 
   168  1EC5                     	;# 
   169  1EC6                     	;# 
   170  1EC7                     	;# 
   171  1ECB                     	;# 
   172  1ECB                     	;# 
   173  1ECB                     	;# 
   174  1ECC                     	;# 
   175  1ECC                     	;# 
   176  1ECC                     	;# 
   177  1F10                     	;# 
   178  1F11                     	;# 
   179  1F12                     	;# 
   180  1F14                     	;# 
   181  1F15                     	;# 
   182  1F1C                     	;# 
   183  1F1D                     	;# 
   184  1F1E                     	;# 
   185  1F1F                     	;# 
   186  1F20                     	;# 
   187  1F21                     	;# 
   188  1F22                     	;# 
   189  1F23                     	;# 
   190  1F24                     	;# 
   191  1F25                     	;# 
   192  1F26                     	;# 
   193  1F27                     	;# 
   194  1F38                     	;# 
   195  1F39                     	;# 
   196  1F3A                     	;# 
   197  1F3B                     	;# 
   198  1F3C                     	;# 
   199  1F3D                     	;# 
   200  1F3E                     	;# 
   201  1F3F                     	;# 
   202  1F43                     	;# 
   203  1F44                     	;# 
   204  1F45                     	;# 
   205  1F46                     	;# 
   206  1F47                     	;# 
   207  1F48                     	;# 
   208  1F49                     	;# 
   209  1F4A                     	;# 
   210  1F4E                     	;# 
   211  1F4F                     	;# 
   212  1F50                     	;# 
   213  1F51                     	;# 
   214  1F52                     	;# 
   215  1F53                     	;# 
   216  1F54                     	;# 
   217  1F55                     	;# 
   218  1FE4                     	;# 
   219  1FE5                     	;# 
   220  1FE6                     	;# 
   221  1FE7                     	;# 
   222  1FE8                     	;# 
   223  1FE8                     	;# 
   224  1FE9                     	;# 
   225  1FEA                     	;# 
   226  1FEB                     	;# 
   227  1FED                     	;# 
   228  1FEE                     	;# 
   229  1FEF                     	;# 
   230  0000                     	;# 
   231  0001                     	;# 
   232  0002                     	;# 
   233  0003                     	;# 
   234  0004                     	;# 
   235  0005                     	;# 
   236  0006                     	;# 
   237  0007                     	;# 
   238  0008                     	;# 
   239  0009                     	;# 
   240  000A                     	;# 
   241  000B                     	;# 
   242  000C                     	;# 
   243  000D                     	;# 
   244  000E                     	;# 
   245  0012                     	;# 
   246  0013                     	;# 
   247  0014                     	;# 
   248  0018                     	;# 
   249  0019                     	;# 
   250  001A                     	;# 
   251  009A                     	;# 
   252  009B                     	;# 
   253  009B                     	;# 
   254  009C                     	;# 
   255  009D                     	;# 
   256  009E                     	;# 
   257  009F                     	;# 
   258  010C                     	;# 
   259  010D                     	;# 
   260  0119                     	;# 
   261  011A                     	;# 
   262  011B                     	;# 
   263  011B                     	;# 
   264  011C                     	;# 
   265  011D                     	;# 
   266  011E                     	;# 
   267  011F                     	;# 
   268  018C                     	;# 
   269  018D                     	;# 
   270  018E                     	;# 
   271  018F                     	;# 
   272  0190                     	;# 
   273  0191                     	;# 
   274  0192                     	;# 
   275  020C                     	;# 
   276  020D                     	;# 
   277  020E                     	;# 
   278  020E                     	;# 
   279  020F                     	;# 
   280  020F                     	;# 
   281  0210                     	;# 
   282  0210                     	;# 
   283  0211                     	;# 
   284  0211                     	;# 
   285  028C                     	;# 
   286  028C                     	;# 
   287  028D                     	;# 
   288  028D                     	;# 
   289  028E                     	;# 
   290  028F                     	;# 
   291  0290                     	;# 
   292  0291                     	;# 
   293  030C                     	;# 
   294  030C                     	;# 
   295  030D                     	;# 
   296  030E                     	;# 
   297  030F                     	;# 
   298  0310                     	;# 
   299  0310                     	;# 
   300  0311                     	;# 
   301  0312                     	;# 
   302  0313                     	;# 
   303  0314                     	;# 
   304  0314                     	;# 
   305  0315                     	;# 
   306  0316                     	;# 
   307  0318                     	;# 
   308  0318                     	;# 
   309  0319                     	;# 
   310  031A                     	;# 
   311  059C                     	;# 
   312  059C                     	;# 
   313  059D                     	;# 
   314  059D                     	;# 
   315  059E                     	;# 
   316  059F                     	;# 
   317  070C                     	;# 
   318  070D                     	;# 
   319  070E                     	;# 
   320  0716                     	;# 
   321  0717                     	;# 
   322  0718                     	;# 
   323  080C                     	;# 
   324  0811                     	;# 
   325  0813                     	;# 
   326  0814                     	;# 
   327  081A                     	;# 
   328  081A                     	;# 
   329  081B                     	;# 
   330  081C                     	;# 
   331  081C                     	;# 
   332  081D                     	;# 
   333  081E                     	;# 
   334  081F                     	;# 
   335  088E                     	;# 
   336  0890                     	;# 
   337  0891                     	;# 
   338  0892                     	;# 
   339  0893                     	;# 
   340  090C                     	;# 
   341  1E8F                     	;# 
   342  1E90                     	;# 
   343  1E91                     	;# 
   344  1E92                     	;# 
   345  1E93                     	;# 
   346  1E9C                     	;# 
   347  1EA1                     	;# 
   348  1EA2                     	;# 
   349  1EC3                     	;# 
   350  1EC5                     	;# 
   351  1EC6                     	;# 
   352  1EC7                     	;# 
   353  1ECB                     	;# 
   354  1ECB                     	;# 
   355  1ECB                     	;# 
   356  1ECC                     	;# 
   357  1ECC                     	;# 
   358  1ECC                     	;# 
   359  1F10                     	;# 
   360  1F11                     	;# 
   361  1F12                     	;# 
   362  1F14                     	;# 
   363  1F15                     	;# 
   364  1F1C                     	;# 
   365  1F1D                     	;# 
   366  1F1E                     	;# 
   367  1F1F                     	;# 
   368  1F20                     	;# 
   369  1F21                     	;# 
   370  1F22                     	;# 
   371  1F23                     	;# 
   372  1F24                     	;# 
   373  1F25                     	;# 
   374  1F26                     	;# 
   375  1F27                     	;# 
   376  1F38                     	;# 
   377  1F39                     	;# 
   378  1F3A                     	;# 
   379  1F3B                     	;# 
   380  1F3C                     	;# 
   381  1F3D                     	;# 
   382  1F3E                     	;# 
   383  1F3F                     	;# 
   384  1F43                     	;# 
   385  1F44                     	;# 
   386  1F45                     	;# 
   387  1F46                     	;# 
   388  1F47                     	;# 
   389  1F48                     	;# 
   390  1F49                     	;# 
   391  1F4A                     	;# 
   392  1F4E                     	;# 
   393  1F4F                     	;# 
   394  1F50                     	;# 
   395  1F51                     	;# 
   396  1F52                     	;# 
   397  1F53                     	;# 
   398  1F54                     	;# 
   399  1F55                     	;# 
   400  1FE4                     	;# 
   401  1FE5                     	;# 
   402  1FE6                     	;# 
   403  1FE7                     	;# 
   404  1FE8                     	;# 
   405  1FE8                     	;# 
   406  1FE9                     	;# 
   407  1FEA                     	;# 
   408  1FEB                     	;# 
   409  1FED                     	;# 
   410  1FEE                     	;# 
   411  1FEF                     	;# 
   412  0000                     	;# 
   413  0001                     	;# 
   414  0002                     	;# 
   415  0003                     	;# 
   416  0004                     	;# 
   417  0005                     	;# 
   418  0006                     	;# 
   419  0007                     	;# 
   420  0008                     	;# 
   421  0009                     	;# 
   422  000A                     	;# 
   423  000B                     	;# 
   424  000C                     	;# 
   425  000D                     	;# 
   426  000E                     	;# 
   427  0012                     	;# 
   428  0013                     	;# 
   429  0014                     	;# 
   430  0018                     	;# 
   431  0019                     	;# 
   432  001A                     	;# 
   433  009A                     	;# 
   434  009B                     	;# 
   435  009B                     	;# 
   436  009C                     	;# 
   437  009D                     	;# 
   438  009E                     	;# 
   439  009F                     	;# 
   440  010C                     	;# 
   441  010D                     	;# 
   442  0119                     	;# 
   443  011A                     	;# 
   444  011B                     	;# 
   445  011B                     	;# 
   446  011C                     	;# 
   447  011D                     	;# 
   448  011E                     	;# 
   449  011F                     	;# 
   450  018C                     	;# 
   451  018D                     	;# 
   452  018E                     	;# 
   453  018F                     	;# 
   454  0190                     	;# 
   455  0191                     	;# 
   456  0192                     	;# 
   457  020C                     	;# 
   458  020D                     	;# 
   459  020E                     	;# 
   460  020E                     	;# 
   461  020F                     	;# 
   462  020F                     	;# 
   463  0210                     	;# 
   464  0210                     	;# 
   465  0211                     	;# 
   466  0211                     	;# 
   467  028C                     	;# 
   468  028C                     	;# 
   469  028D                     	;# 
   470  028D                     	;# 
   471  028E                     	;# 
   472  028F                     	;# 
   473  0290                     	;# 
   474  0291                     	;# 
   475  030C                     	;# 
   476  030C                     	;# 
   477  030D                     	;# 
   478  030E                     	;# 
   479  030F                     	;# 
   480  0310                     	;# 
   481  0310                     	;# 
   482  0311                     	;# 
   483  0312                     	;# 
   484  0313                     	;# 
   485  0314                     	;# 
   486  0314                     	;# 
   487  0315                     	;# 
   488  0316                     	;# 
   489  0318                     	;# 
   490  0318                     	;# 
   491  0319                     	;# 
   492  031A                     	;# 
   493  059C                     	;# 
   494  059C                     	;# 
   495  059D                     	;# 
   496  059D                     	;# 
   497  059E                     	;# 
   498  059F                     	;# 
   499  070C                     	;# 
   500  070D                     	;# 
   501  070E                     	;# 
   502  0716                     	;# 
   503  0717                     	;# 
   504  0718                     	;# 
   505  080C                     	;# 
   506  0811                     	;# 
   507  0813                     	;# 
   508  0814                     	;# 
   509  081A                     	;# 
   510  081A                     	;# 
   511  081B                     	;# 
   512  081C                     	;# 
   513  081C                     	;# 
   514  081D                     	;# 
   515  081E                     	;# 
   516  081F                     	;# 
   517  088E                     	;# 
   518  0890                     	;# 
   519  0891                     	;# 
   520  0892                     	;# 
   521  0893                     	;# 
   522  090C                     	;# 
   523  1E8F                     	;# 
   524  1E90                     	;# 
   525  1E91                     	;# 
   526  1E92                     	;# 
   527  1E93                     	;# 
   528  1E9C                     	;# 
   529  1EA1                     	;# 
   530  1EA2                     	;# 
   531  1EC3                     	;# 
   532  1EC5                     	;# 
   533  1EC6                     	;# 
   534  1EC7                     	;# 
   535  1ECB                     	;# 
   536  1ECB                     	;# 
   537  1ECB                     	;# 
   538  1ECC                     	;# 
   539  1ECC                     	;# 
   540  1ECC                     	;# 
   541  1F10                     	;# 
   542  1F11                     	;# 
   543  1F12                     	;# 
   544  1F14                     	;# 
   545  1F15                     	;# 
   546  1F1C                     	;# 
   547  1F1D                     	;# 
   548  1F1E                     	;# 
   549  1F1F                     	;# 
   550  1F20                     	;# 
   551  1F21                     	;# 
   552  1F22                     	;# 
   553  1F23                     	;# 
   554  1F24                     	;# 
   555  1F25                     	;# 
   556  1F26                     	;# 
   557  1F27                     	;# 
   558  1F38                     	;# 
   559  1F39                     	;# 
   560  1F3A                     	;# 
   561  1F3B                     	;# 
   562  1F3C                     	;# 
   563  1F3D                     	;# 
   564  1F3E                     	;# 
   565  1F3F                     	;# 
   566  1F43                     	;# 
   567  1F44                     	;# 
   568  1F45                     	;# 
   569  1F46                     	;# 
   570  1F47                     	;# 
   571  1F48                     	;# 
   572  1F49                     	;# 
   573  1F4A                     	;# 
   574  1F4E                     	;# 
   575  1F4F                     	;# 
   576  1F50                     	;# 
   577  1F51                     	;# 
   578  1F52                     	;# 
   579  1F53                     	;# 
   580  1F54                     	;# 
   581  1F55                     	;# 
   582  1FE4                     	;# 
   583  1FE5                     	;# 
   584  1FE6                     	;# 
   585  1FE7                     	;# 
   586  1FE8                     	;# 
   587  1FE8                     	;# 
   588  1FE9                     	;# 
   589  1FEA                     	;# 
   590  1FEB                     	;# 
   591  1FED                     	;# 
   592  1FEE                     	;# 
   593  1FEF                     	;# 
   594  0014                     _TRISC	set	20
   595  0013                     _TRISB	set	19
   596  0012                     _TRISA	set	18
   597  001A                     _LATC	set	26
   598  0019                     _LATB	set	25
   599  0018                     _LATA	set	24
   600  0012                     _TRISAbits	set	18
   601  080C                     _WDTCON	set	2060
   602  0892                     _OSCTUNE	set	2194
   603  0893                     _OSCFRQ	set	2195
   604  0891                     _OSCEN	set	2193
   605  1F52                     _INLVLC	set	8018
   606  1F47                     _INLVLB	set	8007
   607  1F3C                     _INLVLA	set	7996
   608  1F51                     _SLRCONC	set	8017
   609  1F46                     _SLRCONB	set	8006
   610  1F3B                     _SLRCONA	set	7995
   611  1F50                     _ODCONC	set	8016
   612  1F45                     _ODCONB	set	8005
   613  1F3A                     _ODCONA	set	7994
   614  1F4F                     _WPUC	set	8015
   615  1F39                     _WPUA	set	7993
   616  1F44                     _WPUB	set	8004
   617  1F38                     _ANSELA	set	7992
   618  1F43                     _ANSELB	set	8003
   619  1F4E                     _ANSELC	set	8014
   620                           
   621                           	psect	cinit
   622  07FD                     start_initialization:	
   623                           ; #config settings
   624                           
   625  07FD                     __initialization:
   626  07FD                     end_of_initialization:	
   627                           ;End of C runtime variable initialization code
   628                           
   629  07FD                     __end_of__initialization:
   630  07FD  0140               	movlb	0
   631  07FE  3187  2FB8         	ljmp	_main	;jump to C main() function
   632                           
   633                           	psect	cstackCOMMON
   634  0070                     __pcstackCOMMON:
   635  0070                     ?_SYSTEM_Initialize:
   636  0070                     ??_SYSTEM_Initialize:	
   637                           ; 1 bytes @ 0x0
   638                           
   639  0070                     ?_PIN_MANAGER_Initialize:	
   640                           ; 1 bytes @ 0x0
   641                           
   642  0070                     ??_PIN_MANAGER_Initialize:	
   643                           ; 1 bytes @ 0x0
   644                           
   645  0070                     ?_OSCILLATOR_Initialize:	
   646                           ; 1 bytes @ 0x0
   647                           
   648  0070                     ??_OSCILLATOR_Initialize:	
   649                           ; 1 bytes @ 0x0
   650                           
   651  0070                     ?_WDT_Initialize:	
   652                           ; 1 bytes @ 0x0
   653                           
   654  0070                     ??_WDT_Initialize:	
   655                           ; 1 bytes @ 0x0
   656                           
   657  0070                     ?_main:	
   658                           ; 1 bytes @ 0x0
   659                           
   660  0070                     ??_main:	
   661                           ; 1 bytes @ 0x0
   662                           
   663                           
   664                           ; 1 bytes @ 0x0
   665  0070                     	ds	2
   666                           
   667                           	psect	maintext
   668  07B8                     __pmaintext:	
   669 ;;
   670 ;;Main: autosize = 0, tempsize = 2, incstack = 0, save=0
   671 ;;
   672 ;; *************** function _main *****************
   673 ;; Defined at:
   674 ;;		line 49 in file "main.c"
   675 ;; Parameters:    Size  Location     Type
   676 ;;		None
   677 ;; Auto vars:     Size  Location     Type
   678 ;;		None
   679 ;; Return value:  Size  Location     Type
   680 ;;                  1    wreg      void 
   681 ;; Registers used:
   682 ;;		wreg, status,2, status,0, pclath, cstack
   683 ;; Tracked objects:
   684 ;;		On entry : B3F/0
   685 ;;		On exit  : 0/0
   686 ;;		Unchanged: 0/0
   687 ;; Data sizes:     COMMON   BANK0   BANK1   BANK2   BANK3   BANK4   BANK5   BANK6
   688 ;;      Params:         0       0       0       0       0       0       0       0
   689 ;;      Locals:         0       0       0       0       0       0       0       0
   690 ;;      Temps:          2       0       0       0       0       0       0       0
   691 ;;      Totals:         2       0       0       0       0       0       0       0
   692 ;;Total ram usage:        2 bytes
   693 ;; Hardware stack levels required when called:    2
   694 ;; This function calls:
   695 ;;		_SYSTEM_Initialize
   696 ;; This function is called by:
   697 ;;		Startup code after reset
   698 ;; This function uses a non-reentrant model
   699 ;;
   700                           
   701                           
   702                           ;psect for function _main
   703  07B8                     _main:
   704  07B8                     l654:	
   705                           ;incstack = 0
   706                           ; Regs used in _main: [wreg+status,2+status,0+pclath+cstack]
   707                           
   708                           
   709                           ;main.c: 51:     SYSTEM_Initialize();
   710  07B8  3187  27AE  3187   	fcall	_SYSTEM_Initialize
   711  07BB                     l656:
   712  07BB  0140               	movlb	0	; select bank0
   713  07BC  1512               	bsf	18,2	;volatile
   714  07BD                     l658:
   715                           
   716                           ;main.c: 56:         _delay((unsigned long)((1000)*(1000000/4000.0)));
   717  07BD  3002               	movlw	2
   718  07BE  00F1               	movwf	??_main+1
   719  07BF  3045               	movlw	69
   720  07C0  00F0               	movwf	??_main
   721  07C1  30AA               	movlw	170
   722  07C2                     u17:
   723  07C2  0B89               	decfsz	9,f
   724  07C3  2FC2               	goto	u17
   725  07C4  0BF0               	decfsz	??_main,f
   726  07C5  2FC2               	goto	u17
   727  07C6  0BF1               	decfsz	??_main+1,f
   728  07C7  2FC2               	goto	u17
   729  07C8                     l660:
   730  07C8  0140               	movlb	0	; select bank0
   731  07C9  1112               	bcf	18,2	;volatile
   732  07CA                     l662:
   733                           
   734                           ;main.c: 58:         _delay((unsigned long)((1000)*(1000000/4000.0)));
   735  07CA  3002               	movlw	2
   736  07CB  00F1               	movwf	??_main+1
   737  07CC  3045               	movlw	69
   738  07CD  00F0               	movwf	??_main
   739  07CE  30AA               	movlw	170
   740  07CF                     u27:
   741  07CF  0B89               	decfsz	9,f
   742  07D0  2FCF               	goto	u27
   743  07D1  0BF0               	decfsz	??_main,f
   744  07D2  2FCF               	goto	u27
   745  07D3  0BF1               	decfsz	??_main+1,f
   746  07D4  2FCF               	goto	u27
   747  07D5  2FBB               	goto	l656
   748  07D6  3180  2802         	ljmp	start
   749  07D8                     __end_of_main:
   750                           
   751                           	psect	text1
   752  07AE                     __ptext1:	
   753 ;; *************** function _SYSTEM_Initialize *****************
   754 ;; Defined at:
   755 ;;		line 49 in file "mcc_generated_files/mcc.c"
   756 ;; Parameters:    Size  Location     Type
   757 ;;		None
   758 ;; Auto vars:     Size  Location     Type
   759 ;;		None
   760 ;; Return value:  Size  Location     Type
   761 ;;                  1    wreg      void 
   762 ;; Registers used:
   763 ;;		wreg, status,2, status,0, pclath, cstack
   764 ;; Tracked objects:
   765 ;;		On entry : 0/0
   766 ;;		On exit  : 0/0
   767 ;;		Unchanged: 0/0
   768 ;; Data sizes:     COMMON   BANK0   BANK1   BANK2   BANK3   BANK4   BANK5   BANK6
   769 ;;      Params:         0       0       0       0       0       0       0       0
   770 ;;      Locals:         0       0       0       0       0       0       0       0
   771 ;;      Temps:          0       0       0       0       0       0       0       0
   772 ;;      Totals:         0       0       0       0       0       0       0       0
   773 ;;Total ram usage:        0 bytes
   774 ;; Hardware stack levels used:    1
   775 ;; Hardware stack levels required when called:    1
   776 ;; This function calls:
   777 ;;		_OSCILLATOR_Initialize
   778 ;;		_PIN_MANAGER_Initialize
   779 ;;		_WDT_Initialize
   780 ;; This function is called by:
   781 ;;		_main
   782 ;; This function uses a non-reentrant model
   783 ;;
   784                           
   785                           
   786                           ;psect for function _SYSTEM_Initialize
   787  07AE                     _SYSTEM_Initialize:
   788  07AE                     l648:	
   789                           ;incstack = 0
   790                           ; Regs used in _SYSTEM_Initialize: [wreg+status,2+status,0+pclath+cstack]
   791                           
   792                           
   793                           ;mcc_generated_files/mcc.c: 51:     PIN_MANAGER_Initialize();
   794  07AE  3187  27D8  3187   	fcall	_PIN_MANAGER_Initialize
   795  07B1                     l650:
   796                           
   797                           ;mcc_generated_files/mcc.c: 52:     OSCILLATOR_Initialize();
   798  07B1  3187  27A9  3187   	fcall	_OSCILLATOR_Initialize
   799  07B4                     l652:
   800                           
   801                           ;mcc_generated_files/mcc.c: 53:     WDT_Initialize();
   802  07B4  3187  27A6  3187   	fcall	_WDT_Initialize
   803  07B7                     l35:
   804  07B7  0008               	return
   805  07B8                     __end_of_SYSTEM_Initialize:
   806                           
   807                           	psect	text2
   808  07A6                     __ptext2:	
   809 ;; *************** function _WDT_Initialize *****************
   810 ;; Defined at:
   811 ;;		line 63 in file "mcc_generated_files/mcc.c"
   812 ;; Parameters:    Size  Location     Type
   813 ;;		None
   814 ;; Auto vars:     Size  Location     Type
   815 ;;		None
   816 ;; Return value:  Size  Location     Type
   817 ;;                  1    wreg      void 
   818 ;; Registers used:
   819 ;;		status,2
   820 ;; Tracked objects:
   821 ;;		On entry : 0/0
   822 ;;		On exit  : 0/0
   823 ;;		Unchanged: 0/0
   824 ;; Data sizes:     COMMON   BANK0   BANK1   BANK2   BANK3   BANK4   BANK5   BANK6
   825 ;;      Params:         0       0       0       0       0       0       0       0
   826 ;;      Locals:         0       0       0       0       0       0       0       0
   827 ;;      Temps:          0       0       0       0       0       0       0       0
   828 ;;      Totals:         0       0       0       0       0       0       0       0
   829 ;;Total ram usage:        0 bytes
   830 ;; Hardware stack levels used:    1
   831 ;; This function calls:
   832 ;;		Nothing
   833 ;; This function is called by:
   834 ;;		_SYSTEM_Initialize
   835 ;; This function uses a non-reentrant model
   836 ;;
   837                           
   838                           
   839                           ;psect for function _WDT_Initialize
   840  07A6                     _WDT_Initialize:
   841  07A6                     l646:	
   842                           ;incstack = 0
   843                           ; Regs used in _WDT_Initialize: [status,2]
   844                           
   845                           
   846                           ;mcc_generated_files/mcc.c: 65:     WDTCON = 0x00;
   847  07A6  0150               	movlb	16	; select bank16
   848  07A7  018C               	clrf	12	;volatile
   849  07A8                     l41:
   850  07A8  0008               	return
   851  07A9                     __end_of_WDT_Initialize:
   852                           
   853                           	psect	text3
   854  07D8                     __ptext3:	
   855 ;; *************** function _PIN_MANAGER_Initialize *****************
   856 ;; Defined at:
   857 ;;		line 51 in file "mcc_generated_files/pin_manager.c"
   858 ;; Parameters:    Size  Location     Type
   859 ;;		None
   860 ;; Auto vars:     Size  Location     Type
   861 ;;		None
   862 ;; Return value:  Size  Location     Type
   863 ;;                  1    wreg      void 
   864 ;; Registers used:
   865 ;;		wreg, status,2
   866 ;; Tracked objects:
   867 ;;		On entry : 0/0
   868 ;;		On exit  : 0/0
   869 ;;		Unchanged: 0/0
   870 ;; Data sizes:     COMMON   BANK0   BANK1   BANK2   BANK3   BANK4   BANK5   BANK6
   871 ;;      Params:         0       0       0       0       0       0       0       0
   872 ;;      Locals:         0       0       0       0       0       0       0       0
   873 ;;      Temps:          0       0       0       0       0       0       0       0
   874 ;;      Totals:         0       0       0       0       0       0       0       0
   875 ;;Total ram usage:        0 bytes
   876 ;; Hardware stack levels used:    1
   877 ;; This function calls:
   878 ;;		Nothing
   879 ;; This function is called by:
   880 ;;		_SYSTEM_Initialize
   881 ;; This function uses a non-reentrant model
   882 ;;
   883                           
   884                           
   885                           ;psect for function _PIN_MANAGER_Initialize
   886  07D8                     _PIN_MANAGER_Initialize:
   887  07D8                     l612:	
   888                           ;incstack = 0
   889                           ; Regs used in _PIN_MANAGER_Initialize: [wreg+status,2]
   890                           
   891                           
   892                           ;mcc_generated_files/pin_manager.c: 54:     LATA = 0x00;
   893  07D8  0140               	movlb	0	; select bank0
   894  07D9  0198               	clrf	24	;volatile
   895                           
   896                           ;mcc_generated_files/pin_manager.c: 55:     LATB = 0x00;
   897  07DA  0199               	clrf	25	;volatile
   898                           
   899                           ;mcc_generated_files/pin_manager.c: 56:     LATC = 0x00;
   900  07DB  019A               	clrf	26	;volatile
   901  07DC                     l614:
   902                           
   903                           ;mcc_generated_files/pin_manager.c: 59:     TRISA = 0x3B;
   904  07DC  303B               	movlw	59
   905  07DD  0092               	movwf	18	;volatile
   906  07DE                     l616:
   907                           
   908                           ;mcc_generated_files/pin_manager.c: 60:     TRISB = 0xF0;
   909  07DE  30F0               	movlw	240
   910  07DF  0093               	movwf	19	;volatile
   911  07E0                     l618:
   912                           
   913                           ;mcc_generated_files/pin_manager.c: 61:     TRISC = 0xFF;
   914  07E0  30FF               	movlw	255
   915  07E1  0094               	movwf	20	;volatile
   916  07E2                     l620:
   917                           
   918                           ;mcc_generated_files/pin_manager.c: 64:     ANSELC = 0xFF;
   919  07E2  30FF               	movlw	255
   920  07E3  017E               	movlb	62	; select bank62
   921  07E4  00CE               	movwf	78	;volatile
   922  07E5                     l622:
   923                           
   924                           ;mcc_generated_files/pin_manager.c: 65:     ANSELB = 0xF0;
   925  07E5  30F0               	movlw	240
   926  07E6  00C3               	movwf	67	;volatile
   927  07E7                     l624:
   928                           
   929                           ;mcc_generated_files/pin_manager.c: 66:     ANSELA = 0x33;
   930  07E7  3033               	movlw	51
   931  07E8  00B8               	movwf	56	;volatile
   932                           
   933                           ;mcc_generated_files/pin_manager.c: 69:     WPUB = 0x00;
   934  07E9  01C4               	clrf	68	;volatile
   935                           
   936                           ;mcc_generated_files/pin_manager.c: 70:     WPUA = 0x00;
   937  07EA  01B9               	clrf	57	;volatile
   938                           
   939                           ;mcc_generated_files/pin_manager.c: 71:     WPUC = 0x00;
   940  07EB  01CF               	clrf	79	;volatile
   941  07EC                     l626:
   942                           
   943                           ;mcc_generated_files/pin_manager.c: 74:     ODCONA = 0x04;
   944  07EC  3004               	movlw	4
   945  07ED  00BA               	movwf	58	;volatile
   946  07EE                     l628:
   947                           
   948                           ;mcc_generated_files/pin_manager.c: 75:     ODCONB = 0x00;
   949  07EE  01C5               	clrf	69	;volatile
   950  07EF                     l630:
   951                           
   952                           ;mcc_generated_files/pin_manager.c: 76:     ODCONC = 0x00;
   953  07EF  01D0               	clrf	80	;volatile
   954  07F0                     l632:
   955                           
   956                           ;mcc_generated_files/pin_manager.c: 79:     SLRCONA = 0x37;
   957  07F0  3037               	movlw	55
   958  07F1  00BB               	movwf	59	;volatile
   959  07F2                     l634:
   960                           
   961                           ;mcc_generated_files/pin_manager.c: 80:     SLRCONB = 0xF0;
   962  07F2  30F0               	movlw	240
   963  07F3  00C6               	movwf	70	;volatile
   964  07F4                     l636:
   965                           
   966                           ;mcc_generated_files/pin_manager.c: 81:     SLRCONC = 0xFF;
   967  07F4  30FF               	movlw	255
   968  07F5  00D1               	movwf	81	;volatile
   969  07F6                     l638:
   970                           
   971                           ;mcc_generated_files/pin_manager.c: 84:     INLVLA = 0x3F;
   972  07F6  303F               	movlw	63
   973  07F7  00BC               	movwf	60	;volatile
   974  07F8                     l640:
   975                           
   976                           ;mcc_generated_files/pin_manager.c: 85:     INLVLB = 0xF0;
   977  07F8  30F0               	movlw	240
   978  07F9  00C7               	movwf	71	;volatile
   979  07FA                     l642:
   980                           
   981                           ;mcc_generated_files/pin_manager.c: 86:     INLVLC = 0xFF;
   982  07FA  30FF               	movlw	255
   983  07FB  00D2               	movwf	82	;volatile
   984  07FC                     l86:
   985  07FC  0008               	return
   986  07FD                     __end_of_PIN_MANAGER_Initialize:
   987                           
   988                           	psect	text4
   989  07A9                     __ptext4:	
   990 ;; *************** function _OSCILLATOR_Initialize *****************
   991 ;; Defined at:
   992 ;;		line 56 in file "mcc_generated_files/mcc.c"
   993 ;; Parameters:    Size  Location     Type
   994 ;;		None
   995 ;; Auto vars:     Size  Location     Type
   996 ;;		None
   997 ;; Return value:  Size  Location     Type
   998 ;;                  1    wreg      void 
   999 ;; Registers used:
  1000 ;;		status,2
  1001 ;; Tracked objects:
  1002 ;;		On entry : 0/0
  1003 ;;		On exit  : 0/0
  1004 ;;		Unchanged: 0/0
  1005 ;; Data sizes:     COMMON   BANK0   BANK1   BANK2   BANK3   BANK4   BANK5   BANK6
  1006 ;;      Params:         0       0       0       0       0       0       0       0
  1007 ;;      Locals:         0       0       0       0       0       0       0       0
  1008 ;;      Temps:          0       0       0       0       0       0       0       0
  1009 ;;      Totals:         0       0       0       0       0       0       0       0
  1010 ;;Total ram usage:        0 bytes
  1011 ;; Hardware stack levels used:    1
  1012 ;; This function calls:
  1013 ;;		Nothing
  1014 ;; This function is called by:
  1015 ;;		_SYSTEM_Initialize
  1016 ;; This function uses a non-reentrant model
  1017 ;;
  1018                           
  1019                           
  1020                           ;psect for function _OSCILLATOR_Initialize
  1021  07A9                     _OSCILLATOR_Initialize:
  1022  07A9                     l644:	
  1023                           ;incstack = 0
  1024                           ; Regs used in _OSCILLATOR_Initialize: [status,2]
  1025                           
  1026                           
  1027                           ;mcc_generated_files/mcc.c: 58:     OSCEN = 0x00;
  1028  07A9  0151               	movlb	17	; select bank17
  1029  07AA  0191               	clrf	17	;volatile
  1030                           
  1031                           ;mcc_generated_files/mcc.c: 59:     OSCFRQ = 0x00;
  1032  07AB  0193               	clrf	19	;volatile
  1033                           
  1034                           ;mcc_generated_files/mcc.c: 60:     OSCTUNE = 0x00;
  1035  07AC  0192               	clrf	18	;volatile
  1036  07AD                     l38:
  1037  07AD  0008               	return
  1038  07AE                     __end_of_OSCILLATOR_Initialize:
  1039  007E                     btemp	set	126	;btemp
  1040  007E                     wtemp0	set	126
  1041                           
  1042                           	psect	config
  1043                           
  1044                           ;Config register CONFIG1 @ 0x8007
  1045                           ;	External Oscillator Mode Selection bits
  1046                           ;	FEXTOSC = OFF, Oscillator not enabled
  1047                           ;	Power-up Default Value for COSC bits
  1048                           ;	RSTOSC = HFINTOSC_1MHZ, HFINTOSC (1 MHz)
  1049                           ;	Clock Out Enable bit
  1050                           ;	CLKOUTEN = OFF, CLKOUT function is disabled; I/O function on RA4
  1051                           ;	VDD Range Analog Calibration Selection bit
  1052                           ;	VDDAR = HI, Internal analog systems are calibrated for operation between VDD = 2.3V - 
      +                          5.5V
  1053  8007                     	org	32775
  1054  8007  3FED               	dw	16365
  1055                           
  1056                           ;Config register CONFIG2 @ 0x8008
  1057                           ;	Master Clear Enable bit
  1058                           ;	MCLRE = EXTMCLR, If LVP = 0, MCLR pin is MCLR; If LVP = 1, RA3 pin function is MCLR
  1059                           ;	Power-up Timer Selection bits
  1060                           ;	PWRTS = PWRT_OFF, PWRT is disabled
  1061                           ;	WDT Operating Mode bits
  1062                           ;	WDTE = OFF, WDT disabled; SEN is ignored
  1063                           ;	Brown-out Reset Enable bits
  1064                           ;	BOREN = ON, Brown-out Reset Enabled, SBOREN bit is ignored
  1065                           ;	Brown-out Reset Voltage Selection bit
  1066                           ;	BORV = LO, Brown-out Reset Voltage (VBOR) set to 1.9V
  1067                           ;	PPSLOCKED One-Way Set Enable bit
  1068                           ;	PPS1WAY = ON, The PPSLOCKED bit can be cleared and set only once in software
  1069                           ;	Stack Overflow/Underflow Reset Enable bit
  1070                           ;	STVREN = ON, Stack Overflow or Underflow will cause a reset
  1071  8008                     	org	32776
  1072  8008  3FE7               	dw	16359
  1073                           
  1074                           ;Config register CONFIG4 @ 0x800A
  1075                           ;	Boot Block Size Selection bits
  1076                           ;	BBSIZE = BB512, 512 words boot block size
  1077                           ;	Boot Block Enable bit
  1078                           ;	BBEN = OFF, Boot Block is disabled
  1079                           ;	SAF Enable bit
  1080                           ;	SAFEN = OFF, SAF is disabled
  1081                           ;	Application Block Write Protection bit
  1082                           ;	WRTAPP = OFF, Application Block is not write-protected
  1083                           ;	Boot Block Write Protection bit
  1084                           ;	WRTB = OFF, Boot Block is not write-protected
  1085                           ;	Configuration Registers Write Protection bit
  1086                           ;	WRTC = OFF, Configuration Registers are not write-protected
  1087                           ;	Storage Area Flash (SAF) Write Protection bit
  1088                           ;	WRTSAF = OFF, SAF is not write-protected
  1089                           ;	Low Voltage Programming Enable bit
  1090                           ;	LVP = ON, Low Voltage programming enabled. MCLR/Vpp pin function is MCLR. MCLRE Config
      +                          uration bit is ignored.
  1091  800A                     	org	32778
  1092  800A  3FFF               	dw	16383
  1093                           
  1094                           ;Config register CONFIG5 @ 0x800B
  1095                           ;	User Program Flash Memory Code Protection bit
  1096                           ;	CP = OFF, User Program Flash Memory code protection is disabled
  1097  800B                     	org	32779
  1098  800B  3FFF               	dw	16383

Data Sizes:
    Strings     0
    Constant    0
    Data        0
    BSS         0
    Persistent  32
    Stack       0

Auto Spaces:
    Space          Size  Autos    Used
    COMMON           14      2       2
    BANK0            80      0       0
    BANK1            80      0       0
    BANK2            80      0       0
    BANK3            80      0       0
    BANK4            80      0       0
    BANK5            80      0       0
    BANK6            16      0       0

Pointer List with Targets:

    None.

Critical Paths under _main in COMMON

    None.

Critical Paths under _main in BANK0

    None.

Critical Paths under _main in BANK1

    None.

Critical Paths under _main in BANK2

    None.

Critical Paths under _main in BANK3

    None.

Critical Paths under _main in BANK4

    None.

Critical Paths under _main in BANK5

    None.

Critical Paths under _main in BANK6

    None.

Call Graph Tables:

 ---------------------------------------------------------------------------------
 (Depth) Function   	        Calls       Base Space   Used Autos Params    Refs
 ---------------------------------------------------------------------------------
 (0) _main                                                 2     2      0       0
                                              0 COMMON     2     2      0
                  _SYSTEM_Initialize
 ---------------------------------------------------------------------------------
 (1) _SYSTEM_Initialize                                    0     0      0       0
              _OSCILLATOR_Initialize
             _PIN_MANAGER_Initialize
                     _WDT_Initialize
 ---------------------------------------------------------------------------------
 (2) _WDT_Initialize                                       0     0      0       0
 ---------------------------------------------------------------------------------
 (2) _PIN_MANAGER_Initialize                               0     0      0       0
 ---------------------------------------------------------------------------------
 (2) _OSCILLATOR_Initialize                                0     0      0       0
 ---------------------------------------------------------------------------------
 Estimated maximum stack depth 2
 ---------------------------------------------------------------------------------

 Call Graph Graphs:

 _main (ROOT)
   _SYSTEM_Initialize
     _OSCILLATOR_Initialize
     _PIN_MANAGER_Initialize
     _WDT_Initialize

 Address spaces:
Name               Size   Autos  Total    Cost      Usage
BIGRAM             1F0      0       0       0        0.0%
NULL                 0      0       0       0        0.0%
CODE                 0      0       0       0        0.0%
BITCOMMON            E      0       0       1        0.0%
BITSFR0              0      0       0       1        0.0%
SFR0                 0      0       0       1        0.0%
COMMON               E      2       2       2       14.3%
BITSFR1              0      0       0       2        0.0%
SFR1                 0      0       0       2        0.0%
BITSFR2              0      0       0       3        0.0%
SFR2                 0      0       0       3        0.0%
STACK                0      0       0       3        0.0%
BITSFR3              0      0       0       4        0.0%
SFR3                 0      0       0       4        0.0%
ABS                  0      0       0       4        0.0%
BITBANK0            50      0       0       5        0.0%
BITSFR4              0      0       0       5        0.0%
SFR4                 0      0       0       5        0.0%
BANK0               50      0       0       6        0.0%
BITSFR5              0      0       0       6        0.0%
SFR5                 0      0       0       6        0.0%
BITBANK1            50      0       0       7        0.0%
BITSFR6              0      0       0       7        0.0%
SFR6                 0      0       0       7        0.0%
BANK1               50      0       0       8        0.0%
BITSFR7              0      0       0       8        0.0%
SFR7                 0      0       0       8        0.0%
BITBANK2            50      0       0       9        0.0%
BITSFR8              0      0       0       9        0.0%
SFR8                 0      0       0       9        0.0%
BANK2               50      0       0      10        0.0%
BITSFR9              0      0       0      10        0.0%
SFR9                 0      0       0      10        0.0%
BITBANK3            50      0       0      11        0.0%
BITSFR10             0      0       0      11        0.0%
SFR10                0      0       0      11        0.0%
BANK3               50      0       0      12        0.0%
BITSFR11             0      0       0      12        0.0%
SFR11                0      0       0      12        0.0%
BITBANK4            50      0       0      13        0.0%
BITSFR12             0      0       0      13        0.0%
SFR12                0      0       0      13        0.0%
BANK4               50      0       0      14        0.0%
BITSFR13             0      0       0      14        0.0%
SFR13                0      0       0      14        0.0%
BITBANK5            50      0       0      15        0.0%
BITSFR14             0      0       0      15        0.0%
SFR14                0      0       0      15        0.0%
BANK5               50      0       0      16        0.0%
BITSFR15             0      0       0      16        0.0%
SFR15                0      0       0      16        0.0%
BITBANK6            10      0       0      17        0.0%
BITSFR16             0      0       0      17        0.0%
SFR16                0      0       0      17        0.0%
BANK6               10      0       0      18        0.0%
BITSFR17             0      0       0      18        0.0%
SFR17                0      0       0      18        0.0%
BITSFR18             0      0       0      19        0.0%
SFR18                0      0       0      19        0.0%
DATA                 0      0       0      19        0.0%
BITSFR19             0      0       0      20        0.0%
SFR19                0      0       0      20        0.0%
BITSFR20             0      0       0      21        0.0%
SFR20                0      0       0      21        0.0%
BITSFR21             0      0       0      22        0.0%
SFR21                0      0       0      22        0.0%
BITSFR22             0      0       0      23        0.0%
SFR22                0      0       0      23        0.0%
BITSFR23             0      0       0      24        0.0%
SFR23                0      0       0      24        0.0%
BITSFR24             0      0       0      25        0.0%
SFR24                0      0       0      25        0.0%
BITSFR25             0      0       0      26        0.0%
SFR25                0      0       0      26        0.0%
BITSFR26             0      0       0      27        0.0%
SFR26                0      0       0      27        0.0%
BITSFR27             0      0       0      28        0.0%
SFR27                0      0       0      28        0.0%
BITSFR28             0      0       0      29        0.0%
SFR28                0      0       0      29        0.0%
BITSFR29             0      0       0      30        0.0%
SFR29                0      0       0      30        0.0%
BITSFR30             0      0       0      31        0.0%
SFR30                0      0       0      31        0.0%
BITSFR31             0      0       0      32        0.0%
SFR31                0      0       0      32        0.0%
BITSFR32             0      0       0      33        0.0%
SFR32                0      0       0      33        0.0%
BITSFR33             0      0       0      34        0.0%
SFR33                0      0       0      34        0.0%
BITSFR34             0      0       0      35        0.0%
SFR34                0      0       0      35        0.0%
BITSFR35             0      0       0      36        0.0%
SFR35                0      0       0      36        0.0%
BITSFR36             0      0       0      37        0.0%
SFR36                0      0       0      37        0.0%
BITSFR37             0      0       0      38        0.0%
SFR37                0      0       0      38        0.0%
BITSFR38             0      0       0      39        0.0%
SFR38                0      0       0      39        0.0%
BITSFR39             0      0       0      40        0.0%
SFR39                0      0       0      40        0.0%
BITSFR40             0      0       0      41        0.0%
SFR40                0      0       0      41        0.0%
BITSFR41             0      0       0      42        0.0%
SFR41                0      0       0      42        0.0%
BITSFR42             0      0       0      43        0.0%
SFR42                0      0       0      43        0.0%
BITSFR43             0      0       0      44        0.0%
SFR43                0      0       0      44        0.0%
BITSFR44             0      0       0      45        0.0%
SFR44                0      0       0      45        0.0%
BITSFR45             0      0       0      46        0.0%
SFR45                0      0       0      46        0.0%
BITSFR46             0      0       0      47        0.0%
SFR46                0      0       0      47        0.0%
BITSFR47             0      0       0      48        0.0%
SFR47                0      0       0      48        0.0%
BITSFR48             0      0       0      49        0.0%
SFR48                0      0       0      49        0.0%
BITSFR49             0      0       0      50        0.0%
SFR49                0      0       0      50        0.0%
BITSFR50             0      0       0      51        0.0%
SFR50                0      0       0      51        0.0%
BITSFR51             0      0       0      52        0.0%
SFR51                0      0       0      52        0.0%
BITSFR52             0      0       0      53        0.0%
SFR52                0      0       0      53        0.0%
BITSFR53             0      0       0      54        0.0%
SFR53                0      0       0      54        0.0%
BITSFR54             0      0       0      55        0.0%
SFR54                0      0       0      55        0.0%
BITSFR55             0      0       0      56        0.0%
SFR55                0      0       0      56        0.0%
BITSFR56             0      0       0      57        0.0%
SFR56                0      0       0      57        0.0%
BITSFR57             0      0       0      58        0.0%
SFR57                0      0       0      58        0.0%
BITSFR58             0      0       0      59        0.0%
SFR58                0      0       0      59        0.0%
BITSFR59             0      0       0      60        0.0%
SFR59                0      0       0      60        0.0%
BITSFR60             0      0       0      61        0.0%
SFR60                0      0       0      61        0.0%
BITSFR61             0      0       0      62        0.0%
SFR61                0      0       0      62        0.0%
BITSFR62             0      0       0      63        0.0%
SFR62                0      0       0      63        0.0%
BITSFR63             0      0       0      64        0.0%
SFR63                0      0       0      64        0.0%


Microchip Technology PIC Macro Assembler V2.20 build 20200408173844 
Symbol Table                                                                                   Mon Jun 08 14:01:47 2020

                             l41 07A8                               l35 07B7                               l38 07AD  
                             l86 07FC                               u17 07C2                               u27 07CF  
                            l620 07E2                              l612 07D8                              l630 07EF  
                            l622 07E5                              l614 07DC                              l640 07F8  
                            l632 07F0                              l624 07E7                              l616 07DE  
                            l642 07FA                              l634 07F2                              l626 07EC  
                            l618 07E0                              l650 07B1                              l644 07A9  
                            l636 07F4                              l628 07EE                              l652 07B4  
                            l660 07C8                              l638 07F6                              l646 07A6  
                            l662 07CA                              l654 07B8                              l648 07AE  
                            l656 07BB                              l658 07BD                              wreg 0009  
                           _LATA 0018                             _LATB 0019                             _LATC 001A  
                           _WPUA 1F39                             _WPUB 1F44                             _WPUC 1F4F  
                           _main 07B8                             btemp 007E                             start 0002  
 __size_of_OSCILLATOR_Initialize 0005    __end_of_OSCILLATOR_Initialize 07AE                            ?_main 0070  
                          _OSCEN 0891                            _TRISA 0012                            _TRISB 0013  
                          _TRISC 0014                   _WDT_Initialize 07A6                            wtemp0 007E  
                __initialization 07FD                     __end_of_main 07D8                           ??_main 0070  
         __end_of_WDT_Initialize 07A9                           _ANSELA 1F38                           _ANSELB 1F43  
                         _ANSELC 1F4E                           _ODCONA 1F3A                           _ODCONB 1F45  
                         _ODCONC 1F50                           _INLVLA 1F3C                           _INLVLB 1F47  
                         _INLVLC 1F52                           _OSCFRQ 0893                           _WDTCON 080C  
                ?_WDT_Initialize 0070                _SYSTEM_Initialize 07AE          __end_of__initialization 07FD  
             ?_SYSTEM_Initialize 0070                   __pcstackCOMMON 0070              ??_SYSTEM_Initialize 0070  
      __end_of_SYSTEM_Initialize 07B8                       __pmaintext 07B8                          _OSCTUNE 0892  
                        _SLRCONA 1F3B                          _SLRCONB 1F46                          _SLRCONC 1F51  
                        __ptext1 07AE                          __ptext2 07A6                          __ptext3 07D8  
                        __ptext4 07A9            _OSCILLATOR_Initialize 07A9         ??_PIN_MANAGER_Initialize 0070  
     __size_of_SYSTEM_Initialize 000A             end_of_initialization 07FD                 ??_WDT_Initialize 0070  
                      _TRISAbits 0012           ?_OSCILLATOR_Initialize 0070              start_initialization 07FD  
__size_of_PIN_MANAGER_Initialize 0025                        ___latbits 0001           _PIN_MANAGER_Initialize 07D8  
        ??_OSCILLATOR_Initialize 0070                    __size_of_main 0020          __size_of_WDT_Initialize 0003  
        ?_PIN_MANAGER_Initialize 0070   __end_of_PIN_MANAGER_Initialize 07FD  
